Arguments: 
  D:\Downloads\nodejs\node.exe C:\Program Files (x86)\Yarn\bin\yarn.js remove markov-strings

PATH: 
  C:\Program Files (x86)\Common Files\Intel\Shared Libraries\redist\intel64\compiler;C:\Program Files (x86)\Common Files\Oracle\Java\javapath;C:\Program Files (x86)\AMD APP\bin\x86_64;C:\Program Files (x86)\AMD APP\bin\x86;D:\Downloads\PY3\Scripts\;D:\Downloads\PY3\;C:\WINDOWS\system32;C:\WINDOWS;C:\WINDOWS\System32\Wbem;C:\WINDOWS\System32\WindowsPowerShell\v1.0\;D:\Downloads\PuTTY\;C:\Program Files\Git\cmd;C:\WINDOWS\System32\OpenSSH\;C:\Program Files (x86)\ATI Technologies\ATI.ACE\Core-Static;C:\Program Files (x86)\Yarn\bin\;C:\ProgramData\chocolatey\bin;D:\Downloads\nodejs\;C:\Users\T500\.windows-build-tools\python27\;C:\Users\T500\AppData\Local\Microsoft\WindowsApps;D:\Downloads\Microsoft VS Code\bin;C:\Program Files (x86)\Nmap;C:\Users\T500\AppData\Local\Yarn\bin;C:\Users\T500\AppData\Roaming\npm;%USERPROFILE%\AppData\Local\Microsoft\WindowsApps;

Yarn version: 
  1.17.3

Node version: 
  12.10.0

Platform: 
  win32 x64

Trace: 
  Error: EPERM: operation not permitted, unlink 'D:\projects\bakery\node_modules\markov-strings\src'

npm manifest: 
  {
    "name": "discord-bakery",
    "version": "1.0.0",
    "description": "mystic has planckpenis",
    "main": "./dist/bot.js",
    "scripts": {
      "test": "echo yeet",
      "start": "node dist/bot",
      "fresh": "rm -r dist/*",
      "compile": "tsc",
      "renew": "yarn run fresh && yarn run compile",
      "dist": "yarn run renew && yarn start",
      "lazy": "ts-node .",
      "windows": "rmdir /s /q \"./dist/\" && mkdir dist && yarn run compile && yarn start"
    },
    "repository": "git+https://github.com/shadow6060/DiscordBakery.git",
    "author": "Your Name",
    "license": "ISC",
    "bugs": {
      "url": "https://github.com/shadow6060/DiscordBakery/issues"
    },
    "homepage": "https://github.com/shadow6060/DiscordBakery#readme",
    "dependencies": {
      "@types/bluebird": "^3.5.27",
      "@types/glob": "^7.1.1",
      "@types/hjson": "^2.4.1",
      "@types/lodash": "^4.14.137",
      "@types/node": "^12.7.2",
      "@types/string-similarity": "^3.0.0",
      "@types/validator": "^10.11.2",
      "@types/ws": "^6.0.2",
      "chalk": "^2.4.2",
      "cron": "^1.7.1",
      "discord.js": "https://github.com/discordjs/discord.js",
      "dom-parser": "^0.1.6",
      "express": "^4.17.1",
      "extends-classes": "^1.0.5",
      "fs-extra": "^8.1.0",
      "glob": "^7.1.4",
      "hbs": "^4.0.4",
      "hjson": "^3.1.2",
      "json5": "^2.1.0",
      "lodash": "^4.17.15",
      "moment-timezone": "^0.5.26",
      "mysql2": "^1.6.5",
      "node-cron": "^2.0.3",
      "parse-duration": "^0.1.1",
      "pg": "^7.12.1",
      "pretty-bytes": "^5.3.0",
      "pretty-ms": "^5.0.0",
      "r2": "^2.0.1",
      "reflect-metadata": "^0.1.13",
      "reinforce-js": "^1.5.1",
      "rivescript": "^2.0.0",
      "sequelize": "^5.13.1",
      "sequelize-typescript": "^1.0.0-beta.4",
      "string-similarity": "^3.0.0",
      "typescript": "^3.5.3"
    }
  }

yarn manifest: 
  No manifest

Lockfile: 
  # THIS IS AN AUTOGENERATED FILE. DO NOT EDIT THIS FILE DIRECTLY.
  # yarn lockfile v1
  
  
  "@types/bluebird@^3.5.27":
    version "3.5.27"
    resolved "https://registry.yarnpkg.com/@types/bluebird/-/bluebird-3.5.27.tgz#61eb4d75dc6bfbce51cf49ee9bbebe941b2cb5d0"
    integrity sha512-6BmYWSBea18+tSjjSC3QIyV93ZKAeNWGM7R6aYt1ryTZXrlHF+QLV0G2yV0viEGVyRkyQsWfMoJ0k/YghBX5sQ==
  
  "@types/events@*":
    version "3.0.0"
    resolved "https://registry.yarnpkg.com/@types/events/-/events-3.0.0.tgz#2862f3f58a9a7f7c3e78d79f130dd4d71c25c2a7"
    integrity sha512-EaObqwIvayI5a8dCzhFrjKzVwKLxjoG9T6Ppd5CEo07LRKfQ8Yokw54r5+Wq7FaBQ+yXRvQAYPrHwya1/UFt9g==
  
  "@types/glob@^7.1.1":
    version "7.1.1"
    resolved "https://registry.yarnpkg.com/@types/glob/-/glob-7.1.1.tgz#aa59a1c6e3fbc421e07ccd31a944c30eba521575"
    integrity sha512-1Bh06cbWJUHMC97acuD6UMG29nMt0Aqz1vF3guLfG+kHHJhy3AyohZFFxYk2f7Q1SQIrNwvncxAE0N/9s70F2w==
    dependencies:
      "@types/events" "*"
      "@types/minimatch" "*"
      "@types/node" "*"
  
  "@types/hjson@^2.4.1":
    version "2.4.1"
    resolved "https://registry.yarnpkg.com/@types/hjson/-/hjson-2.4.1.tgz#a6fc8649777b63f979193d2d5c108a71b3d414d9"
    integrity sha512-yXq/C73UHM8GQc6RYJnUXUgxudr2Q9227Iawhkp03YCnfJJTc+6LJnnVLx+UR/Dvw6imO5Q3vpGNmR9IRBI0JQ==
  
  "@types/lodash@^4.14.137":
    version "4.14.137"
    resolved "https://registry.yarnpkg.com/@types/lodash/-/lodash-4.14.137.tgz#8a4804937dc6462274ffcc088df8f14fc1b368e2"
    integrity sha512-g4rNK5SRKloO+sUGbuO7aPtwbwzMgjK+bm9BBhLD7jGUiGR7zhwYEhSln/ihgYQBeIJ5j7xjyaYzrWTcu3UotQ==
  
  "@types/minimatch@*":
    version "3.0.3"
    resolved "https://registry.yarnpkg.com/@types/minimatch/-/minimatch-3.0.3.tgz#3dca0e3f33b200fc7d1139c0cd96c1268cadfd9d"
    integrity sha512-tHq6qdbT9U1IRSGf14CL0pUlULksvY9OZ+5eEgl1N7t+OA3tGvNpxJCzuKQlsNgCVwbAs670L1vcVQi8j9HjnA==
  
  "@types/node@*", "@types/node@^12.7.2":
    version "12.7.2"
    resolved "https://registry.yarnpkg.com/@types/node/-/node-12.7.2.tgz#c4e63af5e8823ce9cc3f0b34f7b998c2171f0c44"
    integrity sha512-dyYO+f6ihZEtNPDcWNR1fkoTDf3zAK3lAABDze3mz6POyIercH0lEUawUFXlG8xaQZmm1yEBON/4TsYv/laDYg==
  
  "@types/string-similarity@^3.0.0":
    version "3.0.0"
    resolved "https://registry.yarnpkg.com/@types/string-similarity/-/string-similarity-3.0.0.tgz#12b655f1aab0156049657a4e9287caf3e6718d93"
    integrity sha512-vhHkPKxl0cudrbxr5Dog1HVgUGXtmyYP95qy1da/h5gFEzIqDMN/+SjJAS7/6DEAdeI+AJQX8zrdWXL3wP4FRA==
  
  "@types/validator@^10.11.2":
    version "10.11.2"
    resolved "https://registry.yarnpkg.com/@types/validator/-/validator-10.11.2.tgz#48b60ca2cca927081f37a1ad1de3e25d04abc9f0"
    integrity sha512-k/ju1RsdP5ACFUWebqsyEy0avP5uNJCs2p3pmTHzOZdd4gMSAJTq7iUEHFY3tt3emBrPTm6oGvfZ4SzcqOgLPQ==
  
  "@types/ws@^6.0.2":
    version "6.0.2"
    resolved "https://registry.yarnpkg.com/@types/ws/-/ws-6.0.2.tgz#f3340f7e3d7a07104a5dbcaa8ada4e8d2d45eecb"
    integrity sha512-22XiR1ox9LftTaAtn/c5JCninwc7moaqbkJfaDUb7PkaUitcf5vbTZHdq9dxSMviCm9C3W85rzB8e6yNR70apQ==
    dependencies:
      "@types/node" "*"
  
  accepts@~1.3.7:
    version "1.3.7"
    resolved "https://registry.yarnpkg.com/accepts/-/accepts-1.3.7.tgz#531bc726517a3b2b41f850021c6cc15eaab507cd"
    integrity sha512-Il80Qs2WjYlJIBNzNkK6KYqlVMTbZLXgHx2oT0pU/fjRHyEp+PEfEPY0R3WCwAGVOtauxh1hOxNgIf5bv7dQpA==
    dependencies:
      mime-types "~2.1.24"
      negotiator "0.6.2"
  
  ansi-styles@^3.2.1:
    version "3.2.1"
    resolved "https://registry.yarnpkg.com/ansi-styles/-/ansi-styles-3.2.1.tgz#41fbb20243e50b12be0f04b8dedbf07520ce841d"
    integrity sha512-VT0ZI6kZRdTh8YyJw3SMbYm/u+NqfsAxEpWO0Pf9sq8/e94WxxOpPKx9FR1FlyCtOVDNOQ+8ntlqFxiRc+r5qA==
    dependencies:
      color-convert "^1.9.0"
  
  any-promise@^1.3.0:
    version "1.3.0"
    resolved "https://registry.yarnpkg.com/any-promise/-/any-promise-1.3.0.tgz#abc6afeedcea52e809cdc0376aed3ce39635d17f"
    integrity sha1-q8av7tzqUugJzcA3au0845Y10X8=
  
  array-flatten@1.1.1:
    version "1.1.1"
    resolved "https://registry.yarnpkg.com/array-flatten/-/array-flatten-1.1.1.tgz#9a5f699051b1e7073328f2a008968b64ea2955d2"
    integrity sha1-ml9pkFGx5wczKPKgCJaLZOopVdI=
  
  async-limiter@~1.0.0:
    version "1.0.1"
    resolved "https://registry.yarnpkg.com/async-limiter/-/async-limiter-1.0.1.tgz#dd379e94f0db8310b08291f9d64c3209766617fd"
    integrity sha512-csOlWGAcRFJaI6m+F2WKdnMKr4HhdhFVBk0H/QbJFMCr+uO2kwohwXQPxw/9OCxp05r5ghVBFSyioixx3gfkNQ==
  
  async@^2.5.0:
    version "2.6.3"
    resolved "https://registry.yarnpkg.com/async/-/async-2.6.3.tgz#d72625e2344a3656e3a3ad4fa749fa83299d82ff"
    integrity sha512-zflvls11DCy+dQWzTW2dzuilv8Z5X/pjfmZOWba6TNIVDm+2UDaJmXSOXlasHKfNBs8oo3M0aT50fDEWfKZjXg==
    dependencies:
      lodash "^4.17.14"
  
  asynckit@^0.4.0:
    version "0.4.0"
    resolved "https://registry.yarnpkg.com/asynckit/-/asynckit-0.4.0.tgz#c79ed97f7f34cb8f2ba1bc9790bcc366474b4b79"
    integrity sha1-x57Zf380y48robyXkLzDZkdLS3k=
  
  babel-loader@^7.1.5:
    version "7.1.5"
    resolved "https://registry.yarnpkg.com/babel-loader/-/babel-loader-7.1.5.tgz#e3ee0cd7394aa557e013b02d3e492bfd07aa6d68"
    integrity sha512-iCHfbieL5d1LfOQeeVJEUyD9rTwBcP/fcEbRCfempxTDuqrKpu0AZjLAQHEQa3Yqyj9ORKe2iHfoj4rHLf7xpw==
    dependencies:
      find-cache-dir "^1.0.0"
      loader-utils "^1.0.2"
      mkdirp "^0.5.1"
  
  babel-polyfill@^6.26.0:
    version "6.26.0"
    resolved "https://registry.yarnpkg.com/babel-polyfill/-/babel-polyfill-6.26.0.tgz#379937abc67d7895970adc621f284cd966cf2153"
    integrity sha1-N5k3q8Z9eJWXCtxiHyhM2WbPIVM=
    dependencies:
      babel-runtime "^6.26.0"
      core-js "^2.5.0"
      regenerator-runtime "^0.10.5"
  
  babel-runtime@^6.26.0:
    version "6.26.0"
    resolved "https://registry.yarnpkg.com/babel-runtime/-/babel-runtime-6.26.0.tgz#965c7058668e82b55d7bfe04ff2337bc8b5647fe"
    integrity sha1-llxwWGaOgrVde/4E/yM3vItWR/4=
    dependencies:
      core-js "^2.4.0"
      regenerator-runtime "^0.11.0"
  
  balanced-match@^1.0.0:
    version "1.0.0"
    resolved "https://registry.yarnpkg.com/balanced-match/-/balanced-match-1.0.0.tgz#89b4d199ab2bee49de164ea02b89ce462d71b767"
    integrity sha1-ibTRmasr7kneFk6gK4nORi1xt2c=
  
  big.js@^5.2.2:
    version "5.2.2"
    resolved "https://registry.yarnpkg.com/big.js/-/big.js-5.2.2.tgz#65f0af382f578bcdc742bd9c281e9cb2d7768328"
    integrity sha512-vyL2OymJxmarO8gxMr0mhChsO9QGwhynfuu4+MHTAW6czfq9humCB7rKpUjDd9YUiDPU4mzpyupFSvOClAwbmQ==
  
  bluebird@^3.5.0:
    version "3.5.5"
    resolved "https://registry.yarnpkg.com/bluebird/-/bluebird-3.5.5.tgz#a8d0afd73251effbbd5fe384a77d73003c17a71f"
    integrity sha512-5am6HnnfN+urzt4yfg7IgTbotDjIT/u8AJpEt0sIU9FtXfVeezXAPKswrG+xKUCOYAINpSdgZVDU6QFh+cuH3w==
  
  body-parser@1.19.0:
    version "1.19.0"
    resolved "https://registry.yarnpkg.com/body-parser/-/body-parser-1.19.0.tgz#96b2709e57c9c4e09a6fd66a8fd979844f69f08a"
    integrity sha512-dhEPs72UPbDnAQJ9ZKMNTP6ptJaionhP5cBb541nXPlW60Jepo9RV/a4fX4XWW9CuFNK22krhrj1+rgzifNCsw==
    dependencies:
      bytes "3.1.0"
      content-type "~1.0.4"
      debug "2.6.9"
      depd "~1.1.2"
      http-errors "1.7.2"
      iconv-lite "0.4.24"
      on-finished "~2.3.0"
      qs "6.7.0"
      raw-body "2.4.0"
      type-is "~1.6.17"
  
  brace-expansion@^1.1.7:
    version "1.1.11"
    resolved "https://registry.yarnpkg.com/brace-expansion/-/brace-expansion-1.1.11.tgz#3c7fcbf529d87226f3d2f52b966ff5271eb441dd"
    integrity sha512-iCuPHDFgrHX7H2vEI/5xpz07zSHB00TpugqhmYtVmMO6518mCuRMoOYFldEBl0g187ufozdaHgWKcYFb61qGiA==
    dependencies:
      balanced-match "^1.0.0"
      concat-map "0.0.1"
  
  buffer-writer@2.0.0:
    version "2.0.0"
    resolved "https://registry.yarnpkg.com/buffer-writer/-/buffer-writer-2.0.0.tgz#ce7eb81a38f7829db09c873f2fbb792c0c98ec04"
    integrity sha512-a7ZpuTZU1TRtnwyCNW3I5dc0wWNC3VR9S++Ewyk2HHZdrO3CQJqSpd+95Us590V6AL7JqUAH2IwZ/398PmNFgw==
  
  bytes@3.1.0:
    version "3.1.0"
    resolved "https://registry.yarnpkg.com/bytes/-/bytes-3.1.0.tgz#f6cf7933a360e0588fa9fde85651cdc7f805d1f6"
    integrity sha512-zauLjrfCG+xvoyaqLoV8bLVXXNGC4JqlxFCutSDWA6fJrTo2ZuvLYTqZ7aHBLZSMOopbzwv8f+wZcVzfVTI2Dg==
  
  caseless@^0.12.0:
    version "0.12.0"
    resolved "https://registry.yarnpkg.com/caseless/-/caseless-0.12.0.tgz#1b681c21ff84033c826543090689420d187151dc"
    integrity sha1-G2gcIf+EAzyCZUMJBolCDRhxUdw=
  
  chalk@^2.4.2:
    version "2.4.2"
    resolved "https://registry.yarnpkg.com/chalk/-/chalk-2.4.2.tgz#cd42541677a54333cf541a49108c1432b44c9424"
    integrity sha512-Mti+f9lpJNcwF4tWV8/OrTTtF1gZi+f8FqlyAdouralcFWFQWF2+NgCHShjkCb+IFBLq9buZwE1xckQU4peSuQ==
    dependencies:
      ansi-styles "^3.2.1"
      escape-string-regexp "^1.0.5"
      supports-color "^5.3.0"
  
  cls-bluebird@^2.1.0:
    version "2.1.0"
    resolved "https://registry.yarnpkg.com/cls-bluebird/-/cls-bluebird-2.1.0.tgz#37ef1e080a8ffb55c2f4164f536f1919e7968aee"
    integrity sha1-N+8eCAqP+1XC9BZPU28ZGeeWiu4=
    dependencies:
      is-bluebird "^1.0.2"
      shimmer "^1.1.0"
  
  color-convert@^1.9.0:
    version "1.9.3"
    resolved "https://registry.yarnpkg.com/color-convert/-/color-convert-1.9.3.tgz#bb71850690e1f136567de629d2d5471deda4c1e8"
    integrity sha512-QfAUtd+vFdAtFQcC8CCyYt1fYWxSqAiK2cSD6zDB8N3cpsEBAvRxp9zOGg6G/SHHJYAT88/az/IuDGALsNVbGg==
    dependencies:
      color-name "1.1.3"
  
  color-name@1.1.3:
    version "1.1.3"
    resolved "https://registry.yarnpkg.com/color-name/-/color-name-1.1.3.tgz#a7d0558bd89c42f795dd42328f740831ca53bc25"
    integrity sha1-p9BVi9icQveV3UIyj3QIMcpTvCU=
  
  combined-stream@^1.0.6:
    version "1.0.8"
    resolved "https://registry.yarnpkg.com/combined-stream/-/combined-stream-1.0.8.tgz#c3d45a8b34fd730631a110a8a2520682b31d5a7f"
    integrity sha512-FQN4MRfuJeHf7cBbBMJFXhKSDq+2kAArBlmRBvcvFE5BB1HZKXtSFASDhdlz9zOYwxh8lDdnvmMOe/+5cdoEdg==
    dependencies:
      delayed-stream "~1.0.0"
  
  commander@~2.20.0:
    version "2.20.0"
    resolved "https://registry.yarnpkg.com/commander/-/commander-2.20.0.tgz#d58bb2b5c1ee8f87b0d340027e9e94e222c5a422"
    integrity sha512-7j2y+40w61zy6YC2iRNpUe/NwhNyoXrYpHMrSunaMG64nRnaf96zO/KMQR4OyN/UnE5KLyEBnKHd4aG3rskjpQ==
  
  commondir@^1.0.1:
    version "1.0.1"
    resolved "https://registry.yarnpkg.com/commondir/-/commondir-1.0.1.tgz#ddd800da0c66127393cca5950ea968a3aaf1253b"
    integrity sha1-3dgA2gxmEnOTzKWVDqloo6rxJTs=
  
  concat-map@0.0.1:
    version "0.0.1"
    resolved "https://registry.yarnpkg.com/concat-map/-/concat-map-0.0.1.tgz#d8a96bd77fd68df7793a73036a3ba0d5405d477b"
    integrity sha1-2Klr13/Wjfd5OnMDajug1UBdR3s=
  
  content-disposition@0.5.3:
    version "0.5.3"
    resolved "https://registry.yarnpkg.com/content-disposition/-/content-disposition-0.5.3.tgz#e130caf7e7279087c5616c2007d0485698984fbd"
    integrity sha512-ExO0774ikEObIAEV9kDo50o+79VCUdEB6n6lzKgGwupcVeRlhrj3qGAfwq8G6uBJjkqLrhT0qEYFcWng8z1z0g==
    dependencies:
      safe-buffer "5.1.2"
  
  content-type@~1.0.4:
    version "1.0.4"
    resolved "https://registry.yarnpkg.com/content-type/-/content-type-1.0.4.tgz#e138cc75e040c727b1966fe5e5f8c9aee256fe3b"
    integrity sha512-hIP3EEPs8tB9AT1L+NUqtwOAps4mk2Zob89MWXMHjHWg9milF/j4osnnQLXBCBFBk/tvIG/tUc9mOUJiPBhPXA==
  
  cookie-signature@1.0.6:
    version "1.0.6"
    resolved "https://registry.yarnpkg.com/cookie-signature/-/cookie-signature-1.0.6.tgz#e303a882b342cc3ee8ca513a79999734dab3ae2c"
    integrity sha1-4wOogrNCzD7oylE6eZmXNNqzriw=
  
  cookie@0.4.0:
    version "0.4.0"
    resolved "https://registry.yarnpkg.com/cookie/-/cookie-0.4.0.tgz#beb437e7022b3b6d49019d088665303ebe9c14ba"
    integrity sha512-+Hp8fLp57wnUSt0tY0tHEXh4voZRDnoIrZPqlo3DPiI4y9lwg/jqx+1Om94/W6ZaPDOUbnjOt/99w66zk+l1Xg==
  
  core-js@^2.4.0, core-js@^2.5.0:
    version "2.6.9"
    resolved "https://registry.yarnpkg.com/core-js/-/core-js-2.6.9.tgz#6b4b214620c834152e179323727fc19741b084f2"
    integrity sha512-HOpZf6eXmnl7la+cUdMnLvUxKNqLUzJvgIziQ0DiF3JwSImNphIqdGqzj6hIKyX04MmV0poclQ7+wjWvxQyR2A==
  
  cron@^1.7.1:
    version "1.7.1"
    resolved "https://registry.yarnpkg.com/cron/-/cron-1.7.1.tgz#e85ee9df794d1bc6579896ee382053c3ce33778f"
    integrity sha512-gmMB/pJcqUVs/NklR1sCGlNYM7TizEw+1gebz20BMc/8bTm/r7QUp3ZPSPlG8Z5XRlvb7qhjEjq/+bdIfUCL2A==
    dependencies:
      moment-timezone "^0.5.x"
  
  debug@2.6.9:
    version "2.6.9"
    resolved "https://registry.yarnpkg.com/debug/-/debug-2.6.9.tgz#5d128515df134ff327e90a4c93f4e077a536341f"
    integrity sha512-bC7ElrdJaJnPbAP+1EotYvqZsb3ecl5wi6Bfi6BJTUcNowp6cvspg0jXznRTKDjm/E7AdgFBVeAPVMNcKGsHMA==
    dependencies:
      ms "2.0.0"
  
  debug@^4.1.1:
    version "4.1.1"
    resolved "https://registry.yarnpkg.com/debug/-/debug-4.1.1.tgz#3b72260255109c6b589cee050f1d516139664791"
    integrity sha512-pYAIzeRo8J6KPEaJ0VWOh5Pzkbw/RetuzehGM7QRRX5he4fPHx2rdKMB256ehJCkX+XRQm16eZLqLNS8RSZXZw==
    dependencies:
      ms "^2.1.1"
  
  delayed-stream@~1.0.0:
    version "1.0.0"
    resolved "https://registry.yarnpkg.com/delayed-stream/-/delayed-stream-1.0.0.tgz#df3ae199acadfb7d440aaae0b29e2272b24ec619"
    integrity sha1-3zrhmayt+31ECqrgsp4icrJOxhk=
  
  denque@^1.4.0:
    version "1.4.1"
    resolved "https://registry.yarnpkg.com/denque/-/denque-1.4.1.tgz#6744ff7641c148c3f8a69c307e51235c1f4a37cf"
    integrity sha512-OfzPuSZKGcgr96rf1oODnfjqBFmr1DVoc/TrItj3Ohe0Ah1C5WX5Baquw/9U9KovnQ88EqmJbD66rKYUQYN1tQ==
  
  depd@~1.1.2:
    version "1.1.2"
    resolved "https://registry.yarnpkg.com/depd/-/depd-1.1.2.tgz#9bcd52e14c097763e749b274c4346ed2e560b5a9"
    integrity sha1-m81S4UwJd2PnSbJ0xDRu0uVgtak=
  
  destroy@~1.0.4:
    version "1.0.4"
    resolved "https://registry.yarnpkg.com/destroy/-/destroy-1.0.4.tgz#978857442c44749e4206613e37946205826abd80"
    integrity sha1-l4hXRCxEdJ5CBmE+N5RiBYJqvYA=
  
  "discord.js@https://github.com/discordjs/discord.js":
    version "12.0.0-dev"
    resolved "https://github.com/discordjs/discord.js#1851f747707d2863ab507a679b8345f6bcc05d0e"
    dependencies:
      form-data "^2.3.3"
      node-fetch "^2.3.0"
      pako "^1.0.8"
      prism-media "^1.0.0"
      setimmediate "^1.0.5"
      tweetnacl "^1.0.1"
      ws "^6.1.3"
  
  dom-parser@^0.1.6:
    version "0.1.6"
    resolved "https://registry.yarnpkg.com/dom-parser/-/dom-parser-0.1.6.tgz#696c633b535ab3291424eb5bf58ee426f64632ca"
    integrity sha512-3nVRKbLEwmGfghLoeT1dxlK/0votalnOfasP+8VCHYDfDuCETY4LeMblfOeqww6XZk2ymZ1Uewy/hVad6Dy3yw==
  
  dottie@^2.0.0:
    version "2.0.1"
    resolved "https://registry.yarnpkg.com/dottie/-/dottie-2.0.1.tgz#697ad9d72004db7574d21f892466a3c285893659"
    integrity sha512-ch5OQgvGDK2u8pSZeSYAQaV/lczImd7pMJ7BcEPXmnFVjy4yJIzP6CsODJUTH8mg1tyH1Z2abOiuJO3DjZ/GBw==
  
  ee-first@1.1.1:
    version "1.1.1"
    resolved "https://registry.yarnpkg.com/ee-first/-/ee-first-1.1.1.tgz#590c61156b0ae2f4f0255732a158b266bc56b21d"
    integrity sha1-WQxhFWsK4vTwJVcyoViyZrxWsh0=
  
  emojis-list@^2.0.0:
    version "2.1.0"
    resolved "https://registry.yarnpkg.com/emojis-list/-/emojis-list-2.1.0.tgz#4daa4d9db00f9819880c79fa457ae5b09a1fd389"
    integrity sha1-TapNnbAPmBmIDHn6RXrlsJof04k=
  
  encodeurl@~1.0.2:
    version "1.0.2"
    resolved "https://registry.yarnpkg.com/encodeurl/-/encodeurl-1.0.2.tgz#ad3ff4c86ec2d029322f5a02c3a9a606c95b3f59"
    integrity sha1-rT/0yG7C0CkyL1oCw6mmBslbP1k=
  
  escape-html@~1.0.3:
    version "1.0.3"
    resolved "https://registry.yarnpkg.com/escape-html/-/escape-html-1.0.3.tgz#0258eae4d3d0c0974de1c169188ef0051d1d1988"
    integrity sha1-Aljq5NPQwJdN4cFpGI7wBR0dGYg=
  
  escape-string-regexp@^1.0.5:
    version "1.0.5"
    resolved "https://registry.yarnpkg.com/escape-string-regexp/-/escape-string-regexp-1.0.5.tgz#1b61c0562190a8dff6ae3bb2cf0200ca130b86d4"
    integrity sha1-G2HAViGQqN/2rjuyzwIAyhMLhtQ=
  
  etag@~1.8.1:
    version "1.8.1"
    resolved "https://registry.yarnpkg.com/etag/-/etag-1.8.1.tgz#41ae2eeb65efa62268aebfea83ac7d79299b0887"
    integrity sha1-Qa4u62XvpiJorr/qg6x9eSmbCIc=
  
  express@^4.17.1:
    version "4.17.1"
    resolved "https://registry.yarnpkg.com/express/-/express-4.17.1.tgz#4491fc38605cf51f8629d39c2b5d026f98a4c134"
    integrity sha512-mHJ9O79RqluphRrcw2X/GTh3k9tVv8YcoyY4Kkh4WDMUYKRZUq0h1o0w2rrrxBqM7VoeUVqgb27xlEMXTnYt4g==
    dependencies:
      accepts "~1.3.7"
      array-flatten "1.1.1"
      body-parser "1.19.0"
      content-disposition "0.5.3"
      content-type "~1.0.4"
      cookie "0.4.0"
      cookie-signature "1.0.6"
      debug "2.6.9"
      depd "~1.1.2"
      encodeurl "~1.0.2"
      escape-html "~1.0.3"
      etag "~1.8.1"
      finalhandler "~1.1.2"
      fresh "0.5.2"
      merge-descriptors "1.0.1"
      methods "~1.1.2"
      on-finished "~2.3.0"
      parseurl "~1.3.3"
      path-to-regexp "0.1.7"
      proxy-addr "~2.0.5"
      qs "6.7.0"
      range-parser "~1.2.1"
      safe-buffer "5.1.2"
      send "0.17.1"
      serve-static "1.14.1"
      setprototypeof "1.1.1"
      statuses "~1.5.0"
      type-is "~1.6.18"
      utils-merge "1.0.1"
      vary "~1.1.2"
  
  extends-classes@^1.0.5:
    version "1.0.5"
    resolved "https://registry.yarnpkg.com/extends-classes/-/extends-classes-1.0.5.tgz#ff46dc863fd914f215eb9de5a958c9001c746361"
    integrity sha1-/0bchj/ZFPIV653lqVjJABx0Y2E=
    dependencies:
      method-missing "^1.1.2"
  
  finalhandler@~1.1.2:
    version "1.1.2"
    resolved "https://registry.yarnpkg.com/finalhandler/-/finalhandler-1.1.2.tgz#b7e7d000ffd11938d0fdb053506f6ebabe9f587d"
    integrity sha512-aAWcW57uxVNrQZqFXjITpW3sIUQmHGG3qSb9mUah9MgMC4NeWhNOlNjXEYq3HjRAvL6arUviZGGJsBg6z0zsWA==
    dependencies:
      debug "2.6.9"
      encodeurl "~1.0.2"
      escape-html "~1.0.3"
      on-finished "~2.3.0"
      parseurl "~1.3.3"
      statuses "~1.5.0"
      unpipe "~1.0.0"
  
  find-cache-dir@^1.0.0:
    version "1.0.0"
    resolved "https://registry.yarnpkg.com/find-cache-dir/-/find-cache-dir-1.0.0.tgz#9288e3e9e3cc3748717d39eade17cf71fc30ee6f"
    integrity sha1-kojj6ePMN0hxfTnq3hfPcfww7m8=
    dependencies:
      commondir "^1.0.1"
      make-dir "^1.0.0"
      pkg-dir "^2.0.0"
  
  find-up@^2.1.0:
    version "2.1.0"
    resolved "https://registry.yarnpkg.com/find-up/-/find-up-2.1.0.tgz#45d1b7e506c717ddd482775a2b77920a3c0c57a7"
    integrity sha1-RdG35QbHF93UgndaK3eSCjwMV6c=
    dependencies:
      locate-path "^2.0.0"
  
  foreachasync@^3.0.0:
    version "3.0.0"
    resolved "https://registry.yarnpkg.com/foreachasync/-/foreachasync-3.0.0.tgz#5502987dc8714be3392097f32e0071c9dee07cf6"
    integrity sha1-VQKYfchxS+M5IJfzLgBxyd7gfPY=
  
  form-data@^2.3.3:
    version "2.5.0"
    resolved "https://registry.yarnpkg.com/form-data/-/form-data-2.5.0.tgz#094ec359dc4b55e7d62e0db4acd76e89fe874d37"
    integrity sha512-WXieX3G/8side6VIqx44ablyULoGruSde5PNTxoUyo5CeyAMX6nVWUd0rgist/EuX655cjhUhTo1Fo3tRYqbcA==
    dependencies:
      asynckit "^0.4.0"
      combined-stream "^1.0.6"
      mime-types "^2.1.12"
  
  forwarded@~0.1.2:
    version "0.1.2"
    resolved "https://registry.yarnpkg.com/forwarded/-/forwarded-0.1.2.tgz#98c23dab1175657b8c0573e8ceccd91b0ff18c84"
    integrity sha1-mMI9qxF1ZXuMBXPozszZGw/xjIQ=
  
  fresh@0.5.2:
    version "0.5.2"
    resolved "https://registry.yarnpkg.com/fresh/-/fresh-0.5.2.tgz#3d8cadd90d976569fa835ab1f8e4b23a105605a7"
    integrity sha1-PYyt2Q2XZWn6g1qx+OSyOhBWBac=
  
  fs-extra@^8.1.0:
    version "8.1.0"
    resolved "https://registry.yarnpkg.com/fs-extra/-/fs-extra-8.1.0.tgz#49d43c45a88cd9677668cb7be1b46efdb8d2e1c0"
    integrity sha512-yhlQgA6mnOJUKOsRUFsgJdQCvkKhcz8tlZG5HBQfReYZy46OwLcY+Zia0mtdHsOo9y/hP+CxMN0TU9QxoOtG4g==
    dependencies:
      graceful-fs "^4.2.0"
      jsonfile "^4.0.0"
      universalify "^0.1.0"
  
  fs-readdir-recursive@^1.0.0:
    version "1.1.0"
    resolved "https://registry.yarnpkg.com/fs-readdir-recursive/-/fs-readdir-recursive-1.1.0.tgz#e32fc030a2ccee44a6b5371308da54be0b397d27"
    integrity sha512-GNanXlVr2pf02+sPN40XN8HG+ePaNcvM0q5mZBd668Obwb0yD5GiUbZOFgwn8kGMY6I3mdyDJzieUy3PTYyTRA==
  
  fs.realpath@^1.0.0:
    version "1.0.0"
    resolved "https://registry.yarnpkg.com/fs.realpath/-/fs.realpath-1.0.0.tgz#1504ad2523158caa40db4a2787cb01411994ea4f"
    integrity sha1-FQStJSMVjKpA20onh8sBQRmU6k8=
  
  generate-function@^2.3.1:
    version "2.3.1"
    resolved "https://registry.yarnpkg.com/generate-function/-/generate-function-2.3.1.tgz#f069617690c10c868e73b8465746764f97c3479f"
    integrity sha512-eeB5GfMNeevm/GRYq20ShmsaGcmI81kIX2K9XQx5miC8KdHaC6Jm0qQ8ZNeGOi7wYB8OsdxKs+Y2oVuTFuVwKQ==
    dependencies:
      is-property "^1.0.2"
  
  glob@7.1.2:
    version "7.1.2"
    resolved "https://registry.yarnpkg.com/glob/-/glob-7.1.2.tgz#c19c9df9a028702d678612384a6552404c636d15"
    integrity sha512-MJTUg1kjuLeQCJ+ccE4Vpa6kKVXkPYJ2mOCQyUuKLcLQsdrMCpBPUi8qVE6+YuaJkozeA9NusTAw3hLr8Xe5EQ==
    dependencies:
      fs.realpath "^1.0.0"
      inflight "^1.0.4"
      inherits "2"
      minimatch "^3.0.4"
      once "^1.3.0"
      path-is-absolute "^1.0.0"
  
  glob@^7.1.4:
    version "7.1.4"
    resolved "https://registry.yarnpkg.com/glob/-/glob-7.1.4.tgz#aa608a2f6c577ad357e1ae5a5c26d9a8d1969255"
    integrity sha512-hkLPepehmnKk41pUGm3sYxoFs/umurYfYJCerbXEyFIWcAzvpipAgVkBqqT9RBKMGjnq6kMuyYwha6csxbiM1A==
    dependencies:
      fs.realpath "^1.0.0"
      inflight "^1.0.4"
      inherits "2"
      minimatch "^3.0.4"
      once "^1.3.0"
      path-is-absolute "^1.0.0"
  
  graceful-fs@^4.1.6, graceful-fs@^4.2.0:
    version "4.2.2"
    resolved "https://registry.yarnpkg.com/graceful-fs/-/graceful-fs-4.2.2.tgz#6f0952605d0140c1cfdb138ed005775b92d67b02"
    integrity sha512-IItsdsea19BoLC7ELy13q1iJFNmd7ofZH5+X/pJr90/nRoPEX0DJo1dHDbgtYWOhJhcCgMDTOw84RZ72q6lB+Q==
  
  handlebars@4.0.14:
    version "4.0.14"
    resolved "https://registry.yarnpkg.com/handlebars/-/handlebars-4.0.14.tgz#88de711eb693a5b783ae06065f9b91b0dd373a71"
    integrity sha512-E7tDoyAA8ilZIV3xDJgl18sX3M8xB9/fMw8+mfW4msLW8jlX97bAnWgT3pmaNXuvzIEgSBMnAHfuXsB2hdzfow==
    dependencies:
      async "^2.5.0"
      optimist "^0.6.1"
      source-map "^0.6.1"
    optionalDependencies:
      uglify-js "^3.1.4"
  
  has-flag@^3.0.0:
    version "3.0.0"
    resolved "https://registry.yarnpkg.com/has-flag/-/has-flag-3.0.0.tgz#b5d454dc2199ae225699f3467e5a07f3b955bafd"
    integrity sha1-tdRU3CGZriJWmfNGfloH87lVuv0=
  
  hbs@^4.0.4:
    version "4.0.4"
    resolved "https://registry.yarnpkg.com/hbs/-/hbs-4.0.4.tgz#6139e8dcdec83d6352da3303337457823bca2c45"
    integrity sha512-esVlyV/V59mKkwFai5YmPRSNIWZzhqL5YMN0++ueMxyK1cCfPa5f6JiHtapPKAIVAhQR6rpGxow0troav9WMEg==
    dependencies:
      handlebars "4.0.14"
      walk "2.3.9"
  
  hjson@^3.1.2:
    version "3.1.2"
    resolved "https://registry.yarnpkg.com/hjson/-/hjson-3.1.2.tgz#1ae8a3a897a1fab8d45180f98e9abf9b56f95b55"
    integrity sha512-2ILrho8eRl2Bniy61mDFiXRAloYqH2T6OwWkoF/8y55DPFgG2RcqQGNXIfBLp432dnAbLOpBJ4pJs63W3X27EA==
  
  http-errors@1.7.2:
    version "1.7.2"
    resolved "https://registry.yarnpkg.com/http-errors/-/http-errors-1.7.2.tgz#4f5029cf13239f31036e5b2e55292bcfbcc85c8f"
    integrity sha512-uUQBt3H/cSIVfch6i1EuPNy/YsRSOUBXTVfZ+yR7Zjez3qjBz6i9+i4zjNaoqcoFVI4lQJ5plg63TvGfRSDCRg==
    dependencies:
      depd "~1.1.2"
      inherits "2.0.3"
      setprototypeof "1.1.1"
      statuses ">= 1.5.0 < 2"
      toidentifier "1.0.0"
  
  http-errors@~1.7.2:
    version "1.7.3"
    resolved "https://registry.yarnpkg.com/http-errors/-/http-errors-1.7.3.tgz#6c619e4f9c60308c38519498c14fbb10aacebb06"
    integrity sha512-ZTTX0MWrsQ2ZAhA1cejAwDLycFsd7I7nVtnkT3Ol0aqodaKW+0CTZDQ1uBv5whptCnc8e8HeRRJxRs0kmm/Qfw==
    dependencies:
      depd "~1.1.2"
      inherits "2.0.4"
      setprototypeof "1.1.1"
      statuses ">= 1.5.0 < 2"
      toidentifier "1.0.0"
  
  iconv-lite@0.4.24, iconv-lite@^0.4.24:
    version "0.4.24"
    resolved "https://registry.yarnpkg.com/iconv-lite/-/iconv-lite-0.4.24.tgz#2022b4b25fbddc21d2f524974a474aafe733908b"
    integrity sha512-v3MXnZAcvnywkTUEZomIActle7RXXeedOR31wwl7VlyoXO4Qi9arvSenNQWne1TcRwhCL1HwLI21bEqdpj8/rA==
    dependencies:
      safer-buffer ">= 2.1.2 < 3"
  
  inflection@1.12.0:
    version "1.12.0"
    resolved "https://registry.yarnpkg.com/inflection/-/inflection-1.12.0.tgz#a200935656d6f5f6bc4dc7502e1aecb703228416"
    integrity sha1-ogCTVlbW9fa8TcdQLhrstwMihBY=
  
  inflight@^1.0.4:
    version "1.0.6"
    resolved "https://registry.yarnpkg.com/inflight/-/inflight-1.0.6.tgz#49bd6331d7d02d0c09bc910a1075ba8165b56df9"
    integrity sha1-Sb1jMdfQLQwJvJEKEHW6gWW1bfk=
    dependencies:
      once "^1.3.0"
      wrappy "1"
  
  inherits@2, inherits@2.0.4:
    version "2.0.4"
    resolved "https://registry.yarnpkg.com/inherits/-/inherits-2.0.4.tgz#0fa2c64f932917c3433a0ded55363aae37416b7c"
    integrity sha512-k/vGaX4/Yla3WzyMCvTQOXYeIHvqOKtnqBduzTHpzpQZzAskKMhZ2K+EnBiSM9zGSoIFeMpXKxa4dYeZIQqewQ==
  
  inherits@2.0.3:
    version "2.0.3"
    resolved "https://registry.yarnpkg.com/inherits/-/inherits-2.0.3.tgz#633c2c83e3da42a502f52466022480f4208261de"
    integrity sha1-Yzwsg+PaQqUC9SRmAiSA9CCCYd4=
  
  ipaddr.js@1.9.0:
    version "1.9.0"
    resolved "https://registry.yarnpkg.com/ipaddr.js/-/ipaddr.js-1.9.0.tgz#37df74e430a0e47550fe54a2defe30d8acd95f65"
    integrity sha512-M4Sjn6N/+O6/IXSJseKqHoFc+5FdGJ22sXqnjTpdZweHK64MzEPAyQZyEU3R/KRv2GLoa7nNtg/C2Ev6m7z+eA==
  
  is-bluebird@^1.0.2:
    version "1.0.2"
    resolved "https://registry.yarnpkg.com/is-bluebird/-/is-bluebird-1.0.2.tgz#096439060f4aa411abee19143a84d6a55346d6e2"
    integrity sha1-CWQ5Bg9KpBGr7hkUOoTWpVNG1uI=
  
  is-property@^1.0.2:
    version "1.0.2"
    resolved "https://registry.yarnpkg.com/is-property/-/is-property-1.0.2.tgz#57fe1c4e48474edd65b09911f26b1cd4095dda84"
    integrity sha1-V/4cTkhHTt1lsJkR8msc1Ald2oQ=
  
  is-typedarray@^1.0.0:
    version "1.0.0"
    resolved "https://registry.yarnpkg.com/is-typedarray/-/is-typedarray-1.0.0.tgz#e479c80858df0c1b11ddda6940f96011fcda4a9a"
    integrity sha1-5HnICFjfDBsR3dppQPlgEfzaSpo=
  
  json5@^1.0.1:
    version "1.0.1"
    resolved "https://registry.yarnpkg.com/json5/-/json5-1.0.1.tgz#779fb0018604fa854eacbf6252180d83543e3dbe"
    integrity sha512-aKS4WQjPenRxiQsC93MNfjx+nbF4PAdYzmd/1JIj8HYzqfbu86beTuNgXDzPknWk0n0uARlyewZo4s++ES36Ow==
    dependencies:
      minimist "^1.2.0"
  
  json5@^2.1.0:
    version "2.1.0"
    resolved "https://registry.yarnpkg.com/json5/-/json5-2.1.0.tgz#e7a0c62c48285c628d20a10b85c89bb807c32850"
    integrity sha512-8Mh9h6xViijj36g7Dxi+Y4S6hNGV96vcJZr/SrlHh1LR/pEn/8j/+qIBbs44YKl69Lrfctp4QD+AdWLTMqEZAQ==
    dependencies:
      minimist "^1.2.0"
  
  jsonfile@^4.0.0:
    version "4.0.0"
    resolved "https://registry.yarnpkg.com/jsonfile/-/jsonfile-4.0.0.tgz#8771aae0799b64076b76640fca058f9c10e33ecb"
    integrity sha1-h3Gq4HmbZAdrdmQPygWPnBDjPss=
    optionalDependencies:
      graceful-fs "^4.1.6"
  
  loader-utils@^1.0.2:
    version "1.2.3"
    resolved "https://registry.yarnpkg.com/loader-utils/-/loader-utils-1.2.3.tgz#1ff5dc6911c9f0a062531a4c04b609406108c2c7"
    integrity sha512-fkpz8ejdnEMG3s37wGL07iSBDg99O9D5yflE9RGNH3hRdx9SOwYfnGYdZOUIZitN8E+E2vkq3MUMYMvPYl5ZZA==
    dependencies:
      big.js "^5.2.2"
      emojis-list "^2.0.0"
      json5 "^1.0.1"
  
  locate-path@^2.0.0:
    version "2.0.0"
    resolved "https://registry.yarnpkg.com/locate-path/-/locate-path-2.0.0.tgz#2b568b265eec944c6d9c0de9c3dbbbca0354cd8e"
    integrity sha1-K1aLJl7slExtnA3pw9u7ygNUzY4=
    dependencies:
      p-locate "^2.0.0"
      path-exists "^3.0.0"
  
  lodash@^4.17.11, lodash@^4.17.14, lodash@^4.17.15:
    version "4.17.15"
    resolved "https://registry.yarnpkg.com/lodash/-/lodash-4.17.15.tgz#b447f6670a0455bbfeedd11392eff330ea097548"
    integrity sha512-8xOcRHvCjnocdS5cpwXQXVzmmh5e5+saE2QGoeQmbKmRS6J3VQppPOIt0MnmE+4xlZoumy0GPG0D0MVIQbNA1A==
  
  long@^4.0.0:
    version "4.0.0"
    resolved "https://registry.yarnpkg.com/long/-/long-4.0.0.tgz#9a7b71cfb7d361a194ea555241c92f7468d5bf28"
    integrity sha512-XsP+KhQif4bjX1kbuSiySJFNAehNxgLb6hPRGJ9QsUr8ajHkuXGdrHmFUTUUXhDwVX2R5bY4JNZEwbUiMhV+MA==
  
  lru-cache@^4.1.3:
    version "4.1.5"
    resolved "https://registry.yarnpkg.com/lru-cache/-/lru-cache-4.1.5.tgz#8bbe50ea85bed59bc9e33dcab8235ee9bcf443cd"
    integrity sha512-sWZlbEP2OsHNkXrMl5GYk/jKk70MBng6UU4YI/qGDYbgf6YbP4EvmqISbXCoJiRKs+1bSpFHVgQxvJ17F2li5g==
    dependencies:
      pseudomap "^1.0.2"
      yallist "^2.1.2"
  
  make-dir@^1.0.0:
    version "1.3.0"
    resolved "https://registry.yarnpkg.com/make-dir/-/make-dir-1.3.0.tgz#79c1033b80515bd6d24ec9933e860ca75ee27f0c"
    integrity sha512-2w31R7SJtieJJnQtGc7RVL2StM2vGYVfqUOvUDxH6bC6aJTxPxTF0GnIgCyu7tjockiUWAYQRbxa7vKn34s5sQ==
    dependencies:
      pify "^3.0.0"
  
  markov-strings@^2.1.0:
    version "2.1.0"
    resolved "https://registry.yarnpkg.com/markov-strings/-/markov-strings-2.1.0.tgz#f870baa0bec7d7437940e31d27c30a8fa6c96a3c"
    integrity sha512-bJDOilLc7fUllWmGj0kZ6sJ0vAnP4IOkZ/KfYSduhKmKwW3iljvs8ffn2JsozZysmYvNkLPZLIAeoytfV7Cz9w==
    dependencies:
      lodash "^4.17.14"
  
  media-typer@0.3.0:
    version "0.3.0"
    resolved "https://registry.yarnpkg.com/media-typer/-/media-typer-0.3.0.tgz#8710d7af0aa626f8fffa1ce00168545263255748"
    integrity sha1-hxDXrwqmJvj/+hzgAWhUUmMlV0g=
  
  merge-descriptors@1.0.1:
    version "1.0.1"
    resolved "https://registry.yarnpkg.com/merge-descriptors/-/merge-descriptors-1.0.1.tgz#b00aaa556dd8b44568150ec9d1b953f3f90cbb61"
    integrity sha1-sAqqVW3YtEVoFQ7J0blT8/kMu2E=
  
  method-missing@^1.1.2:
    version "1.2.4"
    resolved "https://registry.yarnpkg.com/method-missing/-/method-missing-1.2.4.tgz#1fbf19c136e78b4b2c4e1f5541915fb0d589abe7"
    integrity sha1-H78ZwTbni0ssTh9VQZFfsNWJq+c=
  
  methods@~1.1.2:
    version "1.1.2"
    resolved "https://registry.yarnpkg.com/methods/-/methods-1.1.2.tgz#5529a4d67654134edcc5266656835b0f851afcee"
    integrity sha1-VSmk1nZUE07cxSZmVoNbD4Ua/O4=
  
  mime-db@1.40.0:
    version "1.40.0"
    resolved "https://registry.yarnpkg.com/mime-db/-/mime-db-1.40.0.tgz#a65057e998db090f732a68f6c276d387d4126c32"
    integrity sha512-jYdeOMPy9vnxEqFRRo6ZvTZ8d9oPb+k18PKoYNYUe2stVEBPPwsln/qWzdbmaIvnhZ9v2P+CuecK+fpUfsV2mA==
  
  mime-types@^2.1.12, mime-types@~2.1.24:
    version "2.1.24"
    resolved "https://registry.yarnpkg.com/mime-types/-/mime-types-2.1.24.tgz#b6f8d0b3e951efb77dedeca194cff6d16f676f81"
    integrity sha512-WaFHS3MCl5fapm3oLxU4eYDw77IQM2ACcxQ9RIxfaC3ooc6PFuBMGZZsYpvoXS5D5QTWPieo1jjLdAm3TBP3cQ==
    dependencies:
      mime-db "1.40.0"
  
  mime@1.6.0:
    version "1.6.0"
    resolved "https://registry.yarnpkg.com/mime/-/mime-1.6.0.tgz#32cd9e5c64553bd58d19a568af452acff04981b1"
    integrity sha512-x0Vn8spI+wuJ1O6S7gnbaQg8Pxh4NNHb7KSINmEWKiPE4RKOplvijn+NkmYmmRgP68mc70j2EbeTFRsrswaQeg==
  
  minimatch@^3.0.4:
    version "3.0.4"
    resolved "https://registry.yarnpkg.com/minimatch/-/minimatch-3.0.4.tgz#5166e286457f03306064be5497e8dbb0c3d32083"
    integrity sha512-yJHVQEhyqPLUTgt9B83PXu6W3rx4MvvHvSUvToogpwoGDOUQ+yDrR0HRot+yOCdCO7u4hX3pWft6kWBBcqh0UA==
    dependencies:
      brace-expansion "^1.1.7"
  
  minimist@0.0.8:
    version "0.0.8"
    resolved "https://registry.yarnpkg.com/minimist/-/minimist-0.0.8.tgz#857fcabfc3397d2625b8228262e86aa7a011b05d"
    integrity sha1-hX/Kv8M5fSYluCKCYuhqp6ARsF0=
  
  minimist@^1.2.0:
    version "1.2.0"
    resolved "https://registry.yarnpkg.com/minimist/-/minimist-1.2.0.tgz#a35008b20f41383eec1fb914f4cd5df79a264284"
    integrity sha1-o1AIsg9BOD7sH7kU9M1d95omQoQ=
  
  minimist@~0.0.1:
    version "0.0.10"
    resolved "https://registry.yarnpkg.com/minimist/-/minimist-0.0.10.tgz#de3f98543dbf96082be48ad1a0c7cda836301dcf"
    integrity sha1-3j+YVD2/lggr5IrRoMfNqDYwHc8=
  
  mkdirp@^0.5.1:
    version "0.5.1"
    resolved "https://registry.yarnpkg.com/mkdirp/-/mkdirp-0.5.1.tgz#30057438eac6cf7f8c4767f38648d6697d75c903"
    integrity sha1-MAV0OOrGz3+MR2fzhkjWaX11yQM=
    dependencies:
      minimist "0.0.8"
  
  moment-timezone@^0.5.21, moment-timezone@^0.5.26, moment-timezone@^0.5.x:
    version "0.5.26"
    resolved "https://registry.yarnpkg.com/moment-timezone/-/moment-timezone-0.5.26.tgz#c0267ca09ae84631aa3dc33f65bedbe6e8e0d772"
    integrity sha512-sFP4cgEKTCymBBKgoxZjYzlSovC20Y6J7y3nanDc5RoBIXKlZhoYwBoZGe3flwU6A372AcRwScH8KiwV6zjy1g==
    dependencies:
      moment ">= 2.9.0"
  
  "moment@>= 2.9.0", moment@^2.24.0:
    version "2.24.0"
    resolved "https://registry.yarnpkg.com/moment/-/moment-2.24.0.tgz#0d055d53f5052aa653c9f6eb68bb5d12bf5c2b5b"
    integrity sha512-bV7f+6l2QigeBBZSM/6yTNq4P2fNpSWj/0e7jQcy87A8e7o2nAfP/34/2ky5Vw4B9S446EtIhodAzkFCcR4dQg==
  
  ms@2.0.0:
    version "2.0.0"
    resolved "https://registry.yarnpkg.com/ms/-/ms-2.0.0.tgz#5608aeadfc00be6c2901df5f9861788de0d597c8"
    integrity sha1-VgiurfwAvmwpAd9fmGF4jeDVl8g=
  
  ms@2.1.1:
    version "2.1.1"
    resolved "https://registry.yarnpkg.com/ms/-/ms-2.1.1.tgz#30a5864eb3ebb0a66f2ebe6d727af06a09d86e0a"
    integrity sha512-tgp+dl5cGk28utYktBsrFqA7HKgrhgPsg6Z/EfhWI4gl1Hwq8B/GmY/0oXZ6nF8hDVesS/FpnYaD/kOWhYQvyg==
  
  ms@^2.1.1:
    version "2.1.2"
    resolved "https://registry.yarnpkg.com/ms/-/ms-2.1.2.tgz#d09d1f357b443f493382a8eb3ccd183872ae6009"
    integrity sha512-sGkPx+VjMtmA6MX27oA4FBFELFCZZ4S4XqeGOXCv68tT+jb3vk/RyaKWP0PTKyWtmLSM0b+adUTEvbs1PEaH2w==
  
  mysql2@^1.6.5:
    version "1.6.5"
    resolved "https://registry.yarnpkg.com/mysql2/-/mysql2-1.6.5.tgz#6695304fa2ce793dda5c98e8bbec65cbd2e6cb9d"
    integrity sha512-zedaOOyb3msuuZcJJnxIX/EGOpmljDG7B+UevRH5lqcv+yhy9eCwkArBz8/AO+/rlY3/oCsOdG8R5oD6k0hNfg==
    dependencies:
      denque "^1.4.0"
      generate-function "^2.3.1"
      iconv-lite "^0.4.24"
      long "^4.0.0"
      lru-cache "^4.1.3"
      named-placeholders "^1.1.2"
      seq-queue "^0.0.5"
      sqlstring "^2.3.1"
  
  named-placeholders@^1.1.2:
    version "1.1.2"
    resolved "https://registry.yarnpkg.com/named-placeholders/-/named-placeholders-1.1.2.tgz#ceb1fbff50b6b33492b5cf214ccf5e39cef3d0e8"
    integrity sha512-wiFWqxoLL3PGVReSZpjLVxyJ1bRqe+KKJVbr4hGs1KWfTZTQyezHFBbuKj9hsizHyGV2ne7EMjHdxEGAybD5SA==
    dependencies:
      lru-cache "^4.1.3"
  
  negotiator@0.6.2:
    version "0.6.2"
    resolved "https://registry.yarnpkg.com/negotiator/-/negotiator-0.6.2.tgz#feacf7ccf525a77ae9634436a64883ffeca346fb"
    integrity sha512-hZXc7K2e+PgeI1eDBe/10Ard4ekbfrrqG8Ep+8Jmf4JID2bNg7NvCPOZN+kfF574pFQI7mum2AUqDidoKqcTOw==
  
  node-cron@^2.0.3:
    version "2.0.3"
    resolved "https://registry.yarnpkg.com/node-cron/-/node-cron-2.0.3.tgz#b9649784d0d6c00758410eef22fa54a10e3f602d"
    integrity sha512-eJI+QitXlwcgiZwNNSRbqsjeZMp5shyajMR81RZCqeW0ZDEj4zU9tpd4nTh/1JsBiKbF8d08FCewiipDmVIYjg==
    dependencies:
      opencollective-postinstall "^2.0.0"
      tz-offset "0.0.1"
  
  node-fetch@^2.0.0-alpha.8, node-fetch@^2.3.0:
    version "2.6.0"
    resolved "https://registry.yarnpkg.com/node-fetch/-/node-fetch-2.6.0.tgz#e633456386d4aa55863f676a7ab0daa8fdecb0fd"
    integrity sha512-8dG4H5ujfvFiqDmVu9fQ5bOHUC15JMjMY/Zumv26oOvvVJjM67KF8koCWIabKQ1GJIa9r2mMZscBq/TbdOcmNA==
  
  on-finished@~2.3.0:
    version "2.3.0"
    resolved "https://registry.yarnpkg.com/on-finished/-/on-finished-2.3.0.tgz#20f1336481b083cd75337992a16971aa2d906947"
    integrity sha1-IPEzZIGwg811M3mSoWlxqi2QaUc=
    dependencies:
      ee-first "1.1.1"
  
  once@^1.3.0:
    version "1.4.0"
    resolved "https://registry.yarnpkg.com/once/-/once-1.4.0.tgz#583b1aa775961d4b113ac17d9c50baef9dd76bd1"
    integrity sha1-WDsap3WWHUsROsF9nFC6753Xa9E=
    dependencies:
      wrappy "1"
  
  opencollective-postinstall@^2.0.0:
    version "2.0.2"
    resolved "https://registry.yarnpkg.com/opencollective-postinstall/-/opencollective-postinstall-2.0.2.tgz#5657f1bede69b6e33a45939b061eb53d3c6c3a89"
    integrity sha512-pVOEP16TrAO2/fjej1IdOyupJY8KDUM1CvsaScRbw6oddvpQoOfGk4ywha0HKKVAD6RkW4x6Q+tNBwhf3Bgpuw==
  
  optimist@^0.6.1:
    version "0.6.1"
    resolved "https://registry.yarnpkg.com/optimist/-/optimist-0.6.1.tgz#da3ea74686fa21a19a111c326e90eb15a0196686"
    integrity sha1-2j6nRob6IaGaERwybpDrFaAZZoY=
    dependencies:
      minimist "~0.0.1"
      wordwrap "~0.0.2"
  
  p-limit@^1.1.0:
    version "1.3.0"
    resolved "https://registry.yarnpkg.com/p-limit/-/p-limit-1.3.0.tgz#b86bd5f0c25690911c7590fcbfc2010d54b3ccb8"
    integrity sha512-vvcXsLAJ9Dr5rQOPk7toZQZJApBl2K4J6dANSsEuh6QI41JYcsS/qhTGa9ErIUUgK3WNQoJYvylxvjqmiqEA9Q==
    dependencies:
      p-try "^1.0.0"
  
  p-locate@^2.0.0:
    version "2.0.0"
    resolved "https://registry.yarnpkg.com/p-locate/-/p-locate-2.0.0.tgz#20a0103b222a70c8fd39cc2e580680f3dde5ec43"
    integrity sha1-IKAQOyIqcMj9OcwuWAaA893l7EM=
    dependencies:
      p-limit "^1.1.0"
  
  p-try@^1.0.0:
    version "1.0.0"
    resolved "https://registry.yarnpkg.com/p-try/-/p-try-1.0.0.tgz#cbc79cdbaf8fd4228e13f621f2b1a237c1b207b3"
    integrity sha1-y8ec26+P1CKOE/Yh8rGiN8GyB7M=
  
  packet-reader@1.0.0:
    version "1.0.0"
    resolved "https://registry.yarnpkg.com/packet-reader/-/packet-reader-1.0.0.tgz#9238e5480dedabacfe1fe3f2771063f164157d74"
    integrity sha512-HAKu/fG3HpHFO0AA8WE8q2g+gBJaZ9MG7fcKk+IJPLTGAD6Psw4443l+9DGRbOIh3/aXr7Phy0TjilYivJo5XQ==
  
  pako@^1.0.8:
    version "1.0.10"
    resolved "https://registry.yarnpkg.com/pako/-/pako-1.0.10.tgz#4328badb5086a426aa90f541977d4955da5c9732"
    integrity sha512-0DTvPVU3ed8+HNXOu5Bs+o//Mbdj9VNQMUOe9oKCwh8l0GNwpTDMKCWbRjgtD291AWnkAgkqA/LOnQS8AmS1tw==
  
  parse-duration@^0.1.1:
    version "0.1.1"
    resolved "https://registry.yarnpkg.com/parse-duration/-/parse-duration-0.1.1.tgz#13114ddc9891c1ecd280036244554de43647a226"
    integrity sha1-ExFN3JiRwezSgANiRFVN5DZHoiY=
  
  parse-ms@^2.1.0:
    version "2.1.0"
    resolved "https://registry.yarnpkg.com/parse-ms/-/parse-ms-2.1.0.tgz#348565a753d4391fa524029956b172cb7753097d"
    integrity sha512-kHt7kzLoS9VBZfUsiKjv43mr91ea+U05EyKkEtqp7vNbHxmaVuEqN7XxeEVnGrMtYOAxGrDElSi96K7EgO1zCA==
  
  parseurl@~1.3.3:
    version "1.3.3"
    resolved "https://registry.yarnpkg.com/parseurl/-/parseurl-1.3.3.tgz#9da19e7bee8d12dff0513ed5b76957793bc2e8d4"
    integrity sha512-CiyeOxFT/JZyN5m0z9PfXw4SCBJ6Sygz1Dpl0wqjlhDEGGBP1GnsUVEL0p63hoG1fcj3fHynXi9NYO4nWOL+qQ==
  
  path-exists@^3.0.0:
    version "3.0.0"
    resolved "https://registry.yarnpkg.com/path-exists/-/path-exists-3.0.0.tgz#ce0ebeaa5f78cb18925ea7d810d7b59b010fd515"
    integrity sha1-zg6+ql94yxiSXqfYENe1mwEP1RU=
  
  path-is-absolute@^1.0.0:
    version "1.0.1"
    resolved "https://registry.yarnpkg.com/path-is-absolute/-/path-is-absolute-1.0.1.tgz#174b9268735534ffbc7ace6bf53a5a9e1b5c5f5f"
    integrity sha1-F0uSaHNVNP+8es5r9TpanhtcX18=
  
  path-to-regexp@0.1.7:
    version "0.1.7"
    resolved "https://registry.yarnpkg.com/path-to-regexp/-/path-to-regexp-0.1.7.tgz#df604178005f522f15eb4490e7247a1bfaa67f8c"
    integrity sha1-32BBeABfUi8V60SQ5yR6G/qmf4w=
  
  pg-connection-string@0.1.3:
    version "0.1.3"
    resolved "https://registry.yarnpkg.com/pg-connection-string/-/pg-connection-string-0.1.3.tgz#da1847b20940e42ee1492beaf65d49d91b245df7"
    integrity sha1-2hhHsglA5C7hSSvq9l1J2RskXfc=
  
  pg-int8@1.0.1:
    version "1.0.1"
    resolved "https://registry.yarnpkg.com/pg-int8/-/pg-int8-1.0.1.tgz#943bd463bf5b71b4170115f80f8efc9a0c0eb78c"
    integrity sha512-WCtabS6t3c8SkpDBUlb1kjOs7l66xsGdKpIPZsg4wR+B3+u9UAum2odSsF9tnvxg80h4ZxLWMy4pRjOsFIqQpw==
  
  pg-pool@^2.0.4:
    version "2.0.7"
    resolved "https://registry.yarnpkg.com/pg-pool/-/pg-pool-2.0.7.tgz#f14ecab83507941062c313df23f6adcd9fd0ce54"
    integrity sha512-UiJyO5B9zZpu32GSlP0tXy8J2NsJ9EFGFfz5v6PSbdz/1hBLX1rNiiy5+mAm5iJJYwfCv4A0EBcQLGWwjbpzZw==
  
  pg-types@^2.1.0:
    version "2.2.0"
    resolved "https://registry.yarnpkg.com/pg-types/-/pg-types-2.2.0.tgz#2d0250d636454f7cfa3b6ae0382fdfa8063254a3"
    integrity sha512-qTAAlrEsl8s4OiEQY69wDvcMIdQN6wdz5ojQiOy6YRMuynxenON0O5oCpJI6lshc6scgAY8qvJ2On/p+CXY0GA==
    dependencies:
      pg-int8 "1.0.1"
      postgres-array "~2.0.0"
      postgres-bytea "~1.0.0"
      postgres-date "~1.0.4"
      postgres-interval "^1.1.0"
  
  pg@^7.12.1:
    version "7.12.1"
    resolved "https://registry.yarnpkg.com/pg/-/pg-7.12.1.tgz#880636d46d2efbe0968e64e9fe0eeece8ef72a7e"
    integrity sha512-l1UuyfEvoswYfcUe6k+JaxiN+5vkOgYcVSbSuw3FvdLqDbaoa2RJo1zfJKfPsSYPFVERd4GHvX3s2PjG1asSDA==
    dependencies:
      buffer-writer "2.0.0"
      packet-reader "1.0.0"
      pg-connection-string "0.1.3"
      pg-pool "^2.0.4"
      pg-types "^2.1.0"
      pgpass "1.x"
      semver "4.3.2"
  
  pgpass@1.x:
    version "1.0.2"
    resolved "https://registry.yarnpkg.com/pgpass/-/pgpass-1.0.2.tgz#2a7bb41b6065b67907e91da1b07c1847c877b306"
    integrity sha1-Knu0G2BltnkH6R2hsHwYR8h3swY=
    dependencies:
      split "^1.0.0"
  
  pify@^3.0.0:
    version "3.0.0"
    resolved "https://registry.yarnpkg.com/pify/-/pify-3.0.0.tgz#e5a4acd2c101fdf3d9a4d07f0dbc4db49dd28176"
    integrity sha1-5aSs0sEB/fPZpNB/DbxNtJ3SgXY=
  
  pkg-dir@^2.0.0:
    version "2.0.0"
    resolved "https://registry.yarnpkg.com/pkg-dir/-/pkg-dir-2.0.0.tgz#f6d5d1109e19d63edf428e0bd57e12777615334b"
    integrity sha1-9tXREJ4Z1j7fQo4L1X4Sd3YVM0s=
    dependencies:
      find-up "^2.1.0"
  
  postgres-array@~2.0.0:
    version "2.0.0"
    resolved "https://registry.yarnpkg.com/postgres-array/-/postgres-array-2.0.0.tgz#48f8fce054fbc69671999329b8834b772652d82e"
    integrity sha512-VpZrUqU5A69eQyW2c5CA1jtLecCsN2U/bD6VilrFDWq5+5UIEVO7nazS3TEcHf1zuPYO/sqGvUvW62g86RXZuA==
  
  postgres-bytea@~1.0.0:
    version "1.0.0"
    resolved "https://registry.yarnpkg.com/postgres-bytea/-/postgres-bytea-1.0.0.tgz#027b533c0aa890e26d172d47cf9ccecc521acd35"
    integrity sha1-AntTPAqokOJtFy1Hz5zOzFIazTU=
  
  postgres-date@~1.0.4:
    version "1.0.4"
    resolved "https://registry.yarnpkg.com/postgres-date/-/postgres-date-1.0.4.tgz#1c2728d62ef1bff49abdd35c1f86d4bdf118a728"
    integrity sha512-bESRvKVuTrjoBluEcpv2346+6kgB7UlnqWZsnbnCccTNq/pqfj1j6oBaN5+b/NrDXepYUT/HKadqv3iS9lJuVA==
  
  postgres-interval@^1.1.0:
    version "1.2.0"
    resolved "https://registry.yarnpkg.com/postgres-interval/-/postgres-interval-1.2.0.tgz#b460c82cb1587507788819a06aa0fffdb3544695"
    integrity sha512-9ZhXKM/rw350N1ovuWHbGxnGh/SNJ4cnxHiM0rxE4VN41wsg8P8zWn9hv/buK00RP4WvlOyr/RBDiptyxVbkZQ==
    dependencies:
      xtend "^4.0.0"
  
  pretty-bytes@^5.3.0:
    version "5.3.0"
    resolved "https://registry.yarnpkg.com/pretty-bytes/-/pretty-bytes-5.3.0.tgz#f2849e27db79fb4d6cfe24764fc4134f165989f2"
    integrity sha512-hjGrh+P926p4R4WbaB6OckyRtO0F0/lQBiT+0gnxjV+5kjPBrfVBFCsCLbMqVQeydvIoouYTCmmEURiH3R1Bdg==
  
  pretty-ms@^5.0.0:
    version "5.0.0"
    resolved "https://registry.yarnpkg.com/pretty-ms/-/pretty-ms-5.0.0.tgz#6133a8f55804b208e4728f6aa7bf01085e951e24"
    integrity sha512-94VRYjL9k33RzfKiGokPBPpsmloBYSf5Ri+Pq19zlsEcUKFob+admeXr5eFDRuPjFmEOcjJvPGdillYOJyvZ7Q==
    dependencies:
      parse-ms "^2.1.0"
  
  prism-media@^1.0.0:
    version "1.0.2"
    resolved "https://registry.yarnpkg.com/prism-media/-/prism-media-1.0.2.tgz#1e0f097f67d799211177a50d5276fdd2ef1c7fd7"
    integrity sha512-KCu3SlT1EtS0lvF74NGLSTzr5jrkRajE9n+S2jnUvvdiN5SpjsGj0/HgR1QK9+985Yv8cxjwZnpFRaj+SimDGA==
  
  proxy-addr@~2.0.5:
    version "2.0.5"
    resolved "https://registry.yarnpkg.com/proxy-addr/-/proxy-addr-2.0.5.tgz#34cbd64a2d81f4b1fd21e76f9f06c8a45299ee34"
    integrity sha512-t/7RxHXPH6cJtP0pRG6smSr9QJidhB+3kXu0KgXnbGYMgzEnUxRQ4/LDdfOwZEMyIh3/xHb8PX3t+lfL9z+YVQ==
    dependencies:
      forwarded "~0.1.2"
      ipaddr.js "1.9.0"
  
  pseudomap@^1.0.2:
    version "1.0.2"
    resolved "https://registry.yarnpkg.com/pseudomap/-/pseudomap-1.0.2.tgz#f052a28da70e618917ef0a8ac34c1ae5a68286b3"
    integrity sha1-8FKijacOYYkX7wqKw0wa5aaChrM=
  
  qs@6.7.0:
    version "6.7.0"
    resolved "https://registry.yarnpkg.com/qs/-/qs-6.7.0.tgz#41dc1a015e3d581f1621776be31afb2876a9b1bc"
    integrity sha512-VCdBRNFTX1fyE7Nb6FYoURo/SPe62QCaAyzJvUjwRaIsc+NePBEniHlvxFmmX56+HZphIGtV0XeCirBtpDrTyQ==
  
  r2@^2.0.1:
    version "2.0.1"
    resolved "https://registry.yarnpkg.com/r2/-/r2-2.0.1.tgz#94cd802ecfce9a622549c8182032d8e4a2b2e612"
    integrity sha512-EEmxoxYCe3LHzAUhRIRxdCKERpeRNmlLj6KLUSORqnK6dWl/K5ShmDGZqM2lRZQeqJgF+wyqk0s1M7SWUveNOQ==
    dependencies:
      caseless "^0.12.0"
      node-fetch "^2.0.0-alpha.8"
      typedarray-to-buffer "^3.1.2"
  
  range-parser@~1.2.1:
    version "1.2.1"
    resolved "https://registry.yarnpkg.com/range-parser/-/range-parser-1.2.1.tgz#3cf37023d199e1c24d1a55b84800c2f3e6468031"
    integrity sha512-Hrgsx+orqoygnmhFbKaHE6c296J+HTAQXoxEF6gNupROmmGJRoyzfG3ccAveqCBrwr/2yxQ5BVd/GTl5agOwSg==
  
  raw-body@2.4.0:
    version "2.4.0"
    resolved "https://registry.yarnpkg.com/raw-body/-/raw-body-2.4.0.tgz#a1ce6fb9c9bc356ca52e89256ab59059e13d0332"
    integrity sha512-4Oz8DUIwdvoa5qMJelxipzi/iJIi40O5cGV1wNYp5hvZP8ZN0T+jiNkL0QepXs+EsQ9XJ8ipEDoiH70ySUJP3Q==
    dependencies:
      bytes "3.1.0"
      http-errors "1.7.2"
      iconv-lite "0.4.24"
      unpipe "1.0.0"
  
  recurrent-js@^1.7.3:
    version "1.7.4"
    resolved "https://registry.yarnpkg.com/recurrent-js/-/recurrent-js-1.7.4.tgz#56125579855d93945bbe2af8e51acad04e80e002"
    integrity sha512-tL7WdWWgMIIOPLY5ym7ZMOzZdf3vuXsI14Dv+a+JiZn6wKO0tKxWH52ld/aYeekPL5BW/reD/fG4FsQDDQB3tw==
  
  reflect-metadata@^0.1.13:
    version "0.1.13"
    resolved "https://registry.yarnpkg.com/reflect-metadata/-/reflect-metadata-0.1.13.tgz#67ae3ca57c972a2aa1642b10fe363fe32d49dc08"
    integrity sha512-Ts1Y/anZELhSsjMcU605fU9RE4Oi3p5ORujwbIKXfWa+0Zxs510Qrmrce5/Jowq3cHSZSJqBjypxmHarc+vEWg==
  
  regenerator-runtime@^0.10.5:
    version "0.10.5"
    resolved "https://registry.yarnpkg.com/regenerator-runtime/-/regenerator-runtime-0.10.5.tgz#336c3efc1220adcedda2c9fab67b5a7955a33658"
    integrity sha1-M2w+/BIgrc7dosn6tntaeVWjNlg=
  
  regenerator-runtime@^0.11.0:
    version "0.11.1"
    resolved "https://registry.yarnpkg.com/regenerator-runtime/-/regenerator-runtime-0.11.1.tgz#be05ad7f9bf7d22e056f9726cee5017fbf19e2e9"
    integrity sha512-MguG95oij0fC3QV3URf4V2SDYGJhJnJGqvIIgdECeODCT98wSWDAJ94SSuVpYQUoTcGUIL6L4yNB7j1DFFHSBg==
  
  reinforce-js@^1.5.1:
    version "1.5.1"
    resolved "https://registry.yarnpkg.com/reinforce-js/-/reinforce-js-1.5.1.tgz#6640011de6b02bab8633fc7591eadea2f3b519af"
    integrity sha512-8Xvi/068ciMjcD/906dgpxXE2KolQRgs7WAX4nYGJDU+kN7i/E8mv1saeov990niown21tP+LI0GQUur5P5W/w==
    dependencies:
      recurrent-js "^1.7.3"
  
  retry-as-promised@^3.1.0:
    version "3.2.0"
    resolved "https://registry.yarnpkg.com/retry-as-promised/-/retry-as-promised-3.2.0.tgz#769f63d536bec4783549db0777cb56dadd9d8543"
    integrity sha512-CybGs60B7oYU/qSQ6kuaFmRd9sTZ6oXSc0toqePvV74Ac6/IFZSI1ReFQmtCN+uvW1Mtqdwpvt/LGOiCBAY2Mg==
    dependencies:
      any-promise "^1.3.0"
  
  rivescript@^2.0.0:
    version "2.0.0"
    resolved "https://registry.yarnpkg.com/rivescript/-/rivescript-2.0.0.tgz#c676f3060190d686117e018f5612ec276cf3eea6"
    integrity sha512-f4tquL3McqFNBrpB4iN6WRk6nPOgdpcxTC5vQjQPB3is5SyJCsQJGtZv65WJpE0osrKxdaetD1sP126wKLj0EA==
    dependencies:
      babel-loader "^7.1.5"
      babel-polyfill "^6.26.0"
      fs-readdir-recursive "^1.0.0"
  
  safe-buffer@5.1.2:
    version "5.1.2"
    resolved "https://registry.yarnpkg.com/safe-buffer/-/safe-buffer-5.1.2.tgz#991ec69d296e0313747d59bdfd2b745c35f8828d"
    integrity sha512-Gd2UZBJDkXlY7GbJxfsE8/nvKkUEU1G38c1siN6QP6a9PT9MmHB8GnpscSmMJSoF8LOIrt8ud/wPtojys4G6+g==
  
  "safer-buffer@>= 2.1.2 < 3":
    version "2.1.2"
    resolved "https://registry.yarnpkg.com/safer-buffer/-/safer-buffer-2.1.2.tgz#44fa161b0187b9549dd84bb91802f9bd8385cd6a"
    integrity sha512-YZo3K82SD7Riyi0E1EQPojLz7kpepnSQI9IyPbHHg1XXXevb5dJI7tpyN2ADxGcQbHG7vcyRHk0cbwqcQriUtg==
  
  semver@4.3.2:
    version "4.3.2"
    resolved "https://registry.yarnpkg.com/semver/-/semver-4.3.2.tgz#c7a07158a80bedd052355b770d82d6640f803be7"
    integrity sha1-x6BxWKgL7dBSNVt3DYLWZA+AO+c=
  
  semver@^6.1.1:
    version "6.3.0"
    resolved "https://registry.yarnpkg.com/semver/-/semver-6.3.0.tgz#ee0a64c8af5e8ceea67687b133761e1becbd1d3d"
    integrity sha512-b39TBaTSfV6yBrapU89p5fKekE2m/NwnDocOVruQFS1/veMgdzuPcnOM34M6CwxW8jH/lxEa5rBoDeUwu5HHTw==
  
  send@0.17.1:
    version "0.17.1"
    resolved "https://registry.yarnpkg.com/send/-/send-0.17.1.tgz#c1d8b059f7900f7466dd4938bdc44e11ddb376c8"
    integrity sha512-BsVKsiGcQMFwT8UxypobUKyv7irCNRHk1T0G680vk88yf6LBByGcZJOTJCrTP2xVN6yI+XjPJcNuE3V4fT9sAg==
    dependencies:
      debug "2.6.9"
      depd "~1.1.2"
      destroy "~1.0.4"
      encodeurl "~1.0.2"
      escape-html "~1.0.3"
      etag "~1.8.1"
      fresh "0.5.2"
      http-errors "~1.7.2"
      mime "1.6.0"
      ms "2.1.1"
      on-finished "~2.3.0"
      range-parser "~1.2.1"
      statuses "~1.5.0"
  
  seq-queue@^0.0.5:
    version "0.0.5"
    resolved "https://registry.yarnpkg.com/seq-queue/-/seq-queue-0.0.5.tgz#d56812e1c017a6e4e7c3e3a37a1da6d78dd3c93e"
    integrity sha1-1WgS4cAXpuTnw+Ojeh2m143TyT4=
  
  sequelize-pool@^2.3.0:
    version "2.3.0"
    resolved "https://registry.yarnpkg.com/sequelize-pool/-/sequelize-pool-2.3.0.tgz#64f1fe8744228172c474f530604b6133be64993d"
    integrity sha512-Ibz08vnXvkZ8LJTiUOxRcj1Ckdn7qafNZ2t59jYHMX1VIebTAOYefWdRYFt6z6+hy52WGthAHAoLc9hvk3onqA==
  
  sequelize-typescript@^1.0.0-beta.4:
    version "1.0.0-beta.4"
    resolved "https://registry.yarnpkg.com/sequelize-typescript/-/sequelize-typescript-1.0.0-beta.4.tgz#7cd0800b5b0d48254299d7f845232e56bcaf6bcd"
    integrity sha512-aCtLX2Y453r+DEGMSgfyXrAibyCT1JYNOdNZ3g+banGgH0SqLHlBX4ZnFci5MC/2kxPMqXEAmlVdhecXG2szSQ==
    dependencies:
      glob "7.1.2"
  
  sequelize@^5.13.1:
    version "5.15.0"
    resolved "https://registry.yarnpkg.com/sequelize/-/sequelize-5.15.0.tgz#99aeb863709b5c68881ef60eb566801fae149fb1"
    integrity sha512-w0jS4dcwLblIo284Yotb96noYrn6PUO92NtCE3VTDZxUgknfJZXfsbpsz+GqhIoE6gW1b8fsppwvk8fQTIPrlA==
    dependencies:
      bluebird "^3.5.0"
      cls-bluebird "^2.1.0"
      debug "^4.1.1"
      dottie "^2.0.0"
      inflection "1.12.0"
      lodash "^4.17.11"
      moment "^2.24.0"
      moment-timezone "^0.5.21"
      retry-as-promised "^3.1.0"
      semver "^6.1.1"
      sequelize-pool "^2.3.0"
      toposort-class "^1.0.1"
      uuid "^3.2.1"
      validator "^10.11.0"
      wkx "^0.4.6"
  
  serve-static@1.14.1:
    version "1.14.1"
    resolved "https://registry.yarnpkg.com/serve-static/-/serve-static-1.14.1.tgz#666e636dc4f010f7ef29970a88a674320898b2f9"
    integrity sha512-JMrvUwE54emCYWlTI+hGrGv5I8dEwmco/00EvkzIIsR7MqrHonbD9pO2MOfFnpFntl7ecpZs+3mW+XbQZu9QCg==
    dependencies:
      encodeurl "~1.0.2"
      escape-html "~1.0.3"
      parseurl "~1.3.3"
      send "0.17.1"
  
  setimmediate@^1.0.5:
    version "1.0.5"
    resolved "https://registry.yarnpkg.com/setimmediate/-/setimmediate-1.0.5.tgz#290cbb232e306942d7d7ea9b83732ab7856f8285"
    integrity sha1-KQy7Iy4waULX1+qbg3Mqt4VvgoU=
  
  setprototypeof@1.1.1:
    version "1.1.1"
    resolved "https://registry.yarnpkg.com/setprototypeof/-/setprototypeof-1.1.1.tgz#7e95acb24aa92f5885e0abef5ba131330d4ae683"
    integrity sha512-JvdAWfbXeIGaZ9cILp38HntZSFSo3mWg6xGcJJsd+d4aRMOqauag1C63dJfDw7OaMYwEbHMOxEZ1lqVRYP2OAw==
  
  shimmer@^1.1.0:
    version "1.2.1"
    resolved "https://registry.yarnpkg.com/shimmer/-/shimmer-1.2.1.tgz#610859f7de327b587efebf501fb43117f9aff337"
    integrity sha512-sQTKC1Re/rM6XyFM6fIAGHRPVGvyXfgzIDvzoq608vM+jeyVD0Tu1E6Np0Kc2zAIFWIj963V2800iF/9LPieQw==
  
  source-map@^0.6.1, source-map@~0.6.1:
    version "0.6.1"
    resolved "https://registry.yarnpkg.com/source-map/-/source-map-0.6.1.tgz#74722af32e9614e9c287a8d0bbde48b5e2f1a263"
    integrity sha512-UjgapumWlbMhkBgzT7Ykc5YXUT46F0iKu8SGXq0bcwP5dz/h0Plj6enJqjz1Zbq2l5WaqYnrVbwWOWMyF3F47g==
  
  split@^1.0.0:
    version "1.0.1"
    resolved "https://registry.yarnpkg.com/split/-/split-1.0.1.tgz#605bd9be303aa59fb35f9229fbea0ddec9ea07d9"
    integrity sha512-mTyOoPbrivtXnwnIxZRFYRrPNtEFKlpB2fvjSnCQUiAA6qAZzqwna5envK4uk6OIeP17CsdF3rSBGYVBsU0Tkg==
    dependencies:
      through "2"
  
  sqlstring@^2.3.1:
    version "2.3.1"
    resolved "https://registry.yarnpkg.com/sqlstring/-/sqlstring-2.3.1.tgz#475393ff9e91479aea62dcaf0ca3d14983a7fb40"
    integrity sha1-R1OT/56RR5rqYtyvDKPRSYOn+0A=
  
  "statuses@>= 1.5.0 < 2", statuses@~1.5.0:
    version "1.5.0"
    resolved "https://registry.yarnpkg.com/statuses/-/statuses-1.5.0.tgz#161c7dac177659fd9811f43771fa99381478628c"
    integrity sha1-Fhx9rBd2Wf2YEfQ3cfqZOBR4Yow=
  
  string-similarity@^3.0.0:
    version "3.0.0"
    resolved "https://registry.yarnpkg.com/string-similarity/-/string-similarity-3.0.0.tgz#07b0bc69fae200ad88ceef4983878d03793847c7"
    integrity sha512-7kS7LyTp56OqOI2BDWQNVnLX/rCxIQn+/5M0op1WV6P8Xx6TZNdajpuqQdiJ7Xx+p1C5CsWMvdiBp9ApMhxzEQ==
  
  supports-color@^5.3.0:
    version "5.5.0"
    resolved "https://registry.yarnpkg.com/supports-color/-/supports-color-5.5.0.tgz#e2e69a44ac8772f78a1ec0b35b689df6530efc8f"
    integrity sha512-QjVjwdXIt408MIiAqCX4oUKsgU2EqAGzs2Ppkm4aQYbjm+ZEWEcW4SfFNTr4uMNZma0ey4f5lgLrkB0aX0QMow==
    dependencies:
      has-flag "^3.0.0"
  
  through@2:
    version "2.3.8"
    resolved "https://registry.yarnpkg.com/through/-/through-2.3.8.tgz#0dd4c9ffaabc357960b1b724115d7e0e86a2e1f5"
    integrity sha1-DdTJ/6q8NXlgsbckEV1+Doai4fU=
  
  toidentifier@1.0.0:
    version "1.0.0"
    resolved "https://registry.yarnpkg.com/toidentifier/-/toidentifier-1.0.0.tgz#7e1be3470f1e77948bc43d94a3c8f4d7752ba553"
    integrity sha512-yaOH/Pk/VEhBWWTlhI+qXxDFXlejDGcQipMlyxda9nthulaxLZUNcUqFxokp0vcYnvteJln5FNQDRrxj3YcbVw==
  
  toposort-class@^1.0.1:
    version "1.0.1"
    resolved "https://registry.yarnpkg.com/toposort-class/-/toposort-class-1.0.1.tgz#7ffd1f78c8be28c3ba45cd4e1a3f5ee193bd9988"
    integrity sha1-f/0feMi+KMO6Rc1OGj9e4ZO9mYg=
  
  tweetnacl@^1.0.1:
    version "1.0.1"
    resolved "https://registry.yarnpkg.com/tweetnacl/-/tweetnacl-1.0.1.tgz#2594d42da73cd036bd0d2a54683dd35a6b55ca17"
    integrity sha512-kcoMoKTPYnoeS50tzoqjPY3Uv9axeuuFAZY9M/9zFnhoVvRfxz9K29IMPD7jGmt2c8SW7i3gT9WqDl2+nV7p4A==
  
  type-is@~1.6.17, type-is@~1.6.18:
    version "1.6.18"
    resolved "https://registry.yarnpkg.com/type-is/-/type-is-1.6.18.tgz#4e552cd05df09467dcbc4ef739de89f2cf37c131"
    integrity sha512-TkRKr9sUTxEH8MdfuCSP7VizJyzRNMjj2J2do2Jr3Kym598JVdEksuzPQCnlFPW4ky9Q+iA+ma9BGm06XQBy8g==
    dependencies:
      media-typer "0.3.0"
      mime-types "~2.1.24"
  
  typedarray-to-buffer@^3.1.2:
    version "3.1.5"
    resolved "https://registry.yarnpkg.com/typedarray-to-buffer/-/typedarray-to-buffer-3.1.5.tgz#a97ee7a9ff42691b9f783ff1bc5112fe3fca9080"
    integrity sha512-zdu8XMNEDepKKR+XYOXAVPtWui0ly0NtohUscw+UmaHiAWT8hrV1rr//H6V+0DvJ3OQ19S979M0laLfX8rm82Q==
    dependencies:
      is-typedarray "^1.0.0"
  
  typescript@^3.5.3:
    version "3.5.3"
    resolved "https://registry.yarnpkg.com/typescript/-/typescript-3.5.3.tgz#c830f657f93f1ea846819e929092f5fe5983e977"
    integrity sha512-ACzBtm/PhXBDId6a6sDJfroT2pOWt/oOnk4/dElG5G33ZL776N3Y6/6bKZJBFpd+b05F3Ct9qDjMeJmRWtE2/g==
  
  tz-offset@0.0.1:
    version "0.0.1"
    resolved "https://registry.yarnpkg.com/tz-offset/-/tz-offset-0.0.1.tgz#fef920257024d3583ed9072a767721a18bdb8a76"
    integrity sha512-kMBmblijHJXyOpKzgDhKx9INYU4u4E1RPMB0HqmKSgWG8vEcf3exEfLh4FFfzd3xdQOw9EuIy/cP0akY6rHopQ==
  
  uglify-js@^3.1.4:
    version "3.6.0"
    resolved "https://registry.yarnpkg.com/uglify-js/-/uglify-js-3.6.0.tgz#704681345c53a8b2079fb6cec294b05ead242ff5"
    integrity sha512-W+jrUHJr3DXKhrsS7NUVxn3zqMOFn0hL/Ei6v0anCIMoKC93TjcflTagwIHLW7SfMFfiQuktQyFVCFHGUE0+yg==
    dependencies:
      commander "~2.20.0"
      source-map "~0.6.1"
  
  universalify@^0.1.0:
    version "0.1.2"
    resolved "https://registry.yarnpkg.com/universalify/-/universalify-0.1.2.tgz#b646f69be3942dabcecc9d6639c80dc105efaa66"
    integrity sha512-rBJeI5CXAlmy1pV+617WB9J63U6XcazHHF2f2dbJix4XzpUF0RS3Zbj0FGIOCAva5P/d/GBOYaACQ1w+0azUkg==
  
  unpipe@1.0.0, unpipe@~1.0.0:
    version "1.0.0"
    resolved "https://registry.yarnpkg.com/unpipe/-/unpipe-1.0.0.tgz#b2bf4ee8514aae6165b4817829d21b2ef49904ec"
    integrity sha1-sr9O6FFKrmFltIF4KdIbLvSZBOw=
  
  utils-merge@1.0.1:
    version "1.0.1"
    resolved "https://registry.yarnpkg.com/utils-merge/-/utils-merge-1.0.1.tgz#9f95710f50a267947b2ccc124741c1028427e713"
    integrity sha1-n5VxD1CiZ5R7LMwSR0HBAoQn5xM=
  
  uuid@^3.2.1:
    version "3.3.2"
    resolved "https://registry.yarnpkg.com/uuid/-/uuid-3.3.2.tgz#1b4af4955eb3077c501c23872fc6513811587131"
    integrity sha512-yXJmeNaw3DnnKAOKJE51sL/ZaYfWJRl1pK9dr19YFCu0ObS231AB1/LbqTKRAQ5kw8A90rA6fr4riOUpTZvQZA==
  
  validator@^10.11.0:
    version "10.11.0"
    resolved "https://registry.yarnpkg.com/validator/-/validator-10.11.0.tgz#003108ea6e9a9874d31ccc9e5006856ccd76b228"
    integrity sha512-X/p3UZerAIsbBfN/IwahhYaBbY68EN/UQBWHtsbXGT5bfrH/p4NQzUCG1kF/rtKaNpnJ7jAu6NGTdSNtyNIXMw==
  
  vary@~1.1.2:
    version "1.1.2"
    resolved "https://registry.yarnpkg.com/vary/-/vary-1.1.2.tgz#2299f02c6ded30d4a5961b0b9f74524a18f634fc"
    integrity sha1-IpnwLG3tMNSllhsLn3RSShj2NPw=
  
  walk@2.3.9:
    version "2.3.9"
    resolved "https://registry.yarnpkg.com/walk/-/walk-2.3.9.tgz#31b4db6678f2ae01c39ea9fb8725a9031e558a7b"
    integrity sha1-MbTbZnjyrgHDnqn7hyWpAx5Vins=
    dependencies:
      foreachasync "^3.0.0"
  
  wkx@^0.4.6:
    version "0.4.8"
    resolved "https://registry.yarnpkg.com/wkx/-/wkx-0.4.8.tgz#a092cf088d112683fdc7182fd31493b2c5820003"
    integrity sha512-ikPXMM9IR/gy/LwiOSqWlSL3X/J5uk9EO2hHNRXS41eTLXaUFEVw9fn/593jW/tE5tedNg8YjT5HkCa4FqQZyQ==
    dependencies:
      "@types/node" "*"
  
  wordwrap@~0.0.2:
    version "0.0.3"
    resolved "https://registry.yarnpkg.com/wordwrap/-/wordwrap-0.0.3.tgz#a3d5da6cd5c0bc0008d37234bbaf1bed63059107"
    integrity sha1-o9XabNXAvAAI03I0u68b7WMFkQc=
  
  wrappy@1:
    version "1.0.2"
    resolved "https://registry.yarnpkg.com/wrappy/-/wrappy-1.0.2.tgz#b5243d8f3ec1aa35f1364605bc0d1036e30ab69f"
    integrity sha1-tSQ9jz7BqjXxNkYFvA0QNuMKtp8=
  
  ws@^6.1.3:
    version "6.2.1"
    resolved "https://registry.yarnpkg.com/ws/-/ws-6.2.1.tgz#442fdf0a47ed64f59b6a5d8ff130f4748ed524fb"
    integrity sha512-GIyAXC2cB7LjvpgMt9EKS2ldqr0MTrORaleiOno6TweZ6r3TKtoFQWay/2PceJ3RuBasOHzXNn5Lrw1X0bEjqA==
    dependencies:
      async-limiter "~1.0.0"
  
  xtend@^4.0.0:
    version "4.0.2"
    resolved "https://registry.yarnpkg.com/xtend/-/xtend-4.0.2.tgz#bb72779f5fa465186b1f438f674fa347fdb5db54"
    integrity sha512-LKYU1iAXJXUgAXn9URjiu+MWhyUXHsvfp7mcuYm9dSUKK0/CjtrUwFAxD82/mCWbtLsGjFIad0wIsod4zrTAEQ==
  
  yallist@^2.1.2:
    version "2.1.2"
    resolved "https://registry.yarnpkg.com/yallist/-/yallist-2.1.2.tgz#1c11f9218f076089a47dd512f93c6699a6a81d52"
    integrity sha1-HBH5IY8HYImkfdUS+TxmmaaoHVI=
